[GIN-debug] [WARNING] Creating an Engine instance with the Logger and Recovery middleware already attached.

[GIN-debug] [WARNING] Running in "debug" mode. Switch to "release" mode in production.
 - using env:	export GIN_MODE=release
 - using code:	gin.SetMode(gin.ReleaseMode)

[GIN-debug] Loaded HTML Templates (15): 
	- editinfo.html
	- index.html
	- loginaccount.html
	- passwordcertification.html
	- repasswordcomplete.html
	- 
	- changecomplete.html
	- changepasswordemailcomplete.html
	- createaccount.html
	- createaccountconfirm.html
	- accountcomplete.html
	- editdelivery.html
	- editpassword.html
	- product.html
	- usermanagement.html

[GIN-debug] GET    /assets/*filepath         --> github.com/gin-gonic/gin.(*RouterGroup).createStaticHandler.func1 (3 handlers)
[GIN-debug] HEAD   /assets/*filepath         --> github.com/gin-gonic/gin.(*RouterGroup).createStaticHandler.func1 (3 handlers)
[GIN-debug] GET    /                         --> main.main.func1 (3 handlers)
[GIN-debug] GET    /product                  --> main.main.func2 (3 handlers)
[GIN-debug] GET    /passwordcertification    --> main.main.func3 (3 handlers)
[GIN-debug] GET    /sendemail                --> main.main.func4 (3 handlers)
[GIN-debug] GET    /signup                   --> main.main.func5 (3 handlers)
[GIN-debug] POST   /signup                   --> main.main.func6 (3 handlers)
[GIN-debug] GET    /signupconfirm            --> main.main.func7 (3 handlers)
[GIN-debug] GET    /signupcomplete           --> main.main.func8 (3 handlers)
[GIN-debug] GET    /editdelivery             --> main.main.func9 (3 handlers)
[GIN-debug] GET    /editinfo                 --> main.main.func10 (3 handlers)
[GIN-debug] GET    /editpassword             --> main.main.func11 (3 handlers)
[GIN-debug] GET    /login                    --> main.main.func12 (3 handlers)
[GIN-debug] POST   /login                    --> main.main.func13 (3 handlers)
[GIN-debug] GET    /emailcertification       --> main.main.func14 (3 handlers)
[GIN-debug] GET    /editpasswordcomplete     --> main.main.func15 (3 handlers)
[GIN-debug] GET    /accountinfo              --> main.main.func16 (3 handlers)
[GIN-debug] [WARNING] You trusted all proxies, this is NOT safe. We recommend you to set a value.
Please check https://pkg.go.dev/github.com/gin-gonic/gin#readme-don-t-trust-all-proxies for details.
[GIN-debug] Listening and serving HTTP on :3000
{"time":"2022-01-05T02:39:03.8418372Z","level":"-","prefix":"-","file":"signUp.go","line":"12","message":"{PermissionId: UserName:岡本拓実 UserNameRuby:オカモトタクミ Password:test BirthYear:1999 BirthMonth:3 BirthDay:9 Email:test6a5aaaaa3@gmail.com Zipcode:2210012 PrefectureAddress:神奈川県 CityAddress:横浜市神奈川区 StreetAddress:子安台2-4-32-101 PhoneNumber:08044041139 CreatedDate:0001-01-01 00:00:00 +0000 UTC UpdatedDate:0001-01-01 00:00:00 +0000 UTC}\n"}
[GIN] 2022/01/05 - 02:39:03 | 302 |    135.3607ms |   192.168.128.5 | POST     "/signup"
[GIN] 2022/01/05 - 02:39:04 | 200 |     14.3779ms |   192.168.128.5 | GET      "/"
